[INFO] Scanning for projects...
[INFO] 
[INFO] ---------------------< edu.musc.tbic.uima:decovri >---------------------
[INFO] Building decovri 21.21.0-SNAPSHOT
[INFO] --------------------------------[ jar ]---------------------------------
[INFO] 
[INFO] --- maven-resources-plugin:2.6:resources (default-resources) @ decovri ---
[INFO] Using 'UTF-8' encoding to copy filtered resources.
[INFO] Copying 13 resources
[INFO] Copying 1 resource
[INFO] 
[INFO] --- maven-compiler-plugin:3.5.1:compile (default-compile) @ decovri ---
[INFO] Nothing to compile - all classes are up to date
[INFO] 
[INFO] --- maven-resources-plugin:2.6:testResources (default-testResources) @ decovri ---
[INFO] Using 'UTF-8' encoding to copy filtered resources.
[INFO] skip non existing resourceDirectory /Users/wangmeiqi/Desktop/Decovri/decovri/apache-uima/src/test/resources
[INFO] 
[INFO] --- maven-compiler-plugin:3.5.1:testCompile (default-testCompile) @ decovri ---
[INFO] Nothing to compile - all classes are up to date
[INFO] 
[INFO] --- maven-surefire-plugin:2.22.2:test (default-test) @ decovri ---
[INFO] 
[INFO] -------------------------------------------------------
[INFO]  T E S T S
[INFO] -------------------------------------------------------
[INFO] Running edu.musc.tbic.textspans.SectionizerTest
[ERROR] Tests run: 1, Failures: 0, Errors: 1, Skipped: 0, Time elapsed: 0.031 s <<< FAILURE! - in edu.musc.tbic.textspans.SectionizerTest
[ERROR] edu.musc.tbic.textspans.SectionizerTest  Time elapsed: 0.029 s  <<< ERROR!
java.lang.Error: 
Unresolved compilation problem: 

	at edu.musc.tbic.textspans.SectionizerTest.beforeAll(SectionizerTest.java:45)

[INFO] Running edu.musc.tbic.covid.SectionizerTest
log4j: reset attribute= "false".
log4j: Threshold ="null".
log4j: Retreiving an instance of org.apache.log4j.Logger.
log4j: Setting [ProgressAppender] additivity to [false].
log4j: Level value for ProgressAppender is  [INFO].
log4j: ProgressAppender level set to INFO
log4j: Class name: [org.apache.log4j.ConsoleAppender]
log4j: Parsing layout of class: "org.apache.log4j.PatternLayout"
log4j: Setting property [conversionPattern] to [%m].
log4j: Adding appender named [noEolAppender] to category [ProgressAppender].
log4j: Retreiving an instance of org.apache.log4j.Logger.
log4j: Setting [ProgressDone] additivity to [false].
log4j: Level value for ProgressDone is  [INFO].
log4j: ProgressDone level set to INFO
log4j: Class name: [org.apache.log4j.ConsoleAppender]
log4j: Parsing layout of class: "org.apache.log4j.PatternLayout"
log4j: Setting property [conversionPattern] to [%m%n].
log4j: Adding appender named [eolAppender] to category [ProgressDone].
log4j: Level value for root is  [INFO].
log4j: root level set to INFO
log4j: Class name: [org.apache.log4j.ConsoleAppender]
log4j: Parsing layout of class: "org.apache.log4j.PatternLayout"
log4j: Setting property [conversionPattern] to [%d{dd MMM yyyy HH:mm:ss} %5p %c{1} - %m%n].
log4j: Adding appender named [consoleAppender] to category [root].
19:01:19.283 [main] INFO  edu.musc.tbic.uima.Decovri - Loading Excel-style TSV file: resources/section_templates.tsv
19:01:19.362 [main] INFO  edu.musc.tbic.uima.Decovri - Note split into 3 sections
19:01:19.406 [main] INFO  edu.musc.tbic.uima.Decovri - Loading Excel-style TSV file: resources/section_templates.tsv
19:01:19.427 [main] INFO  edu.musc.tbic.uima.Decovri - Note contains only back matter section
19:01:19.455 [main] INFO  edu.musc.tbic.uima.Decovri - Loading Excel-style TSV file: resources/section_templates.tsv
19:01:19.495 [main] INFO  edu.musc.tbic.uima.Decovri - Note split into 3 sections
[INFO] Tests run: 3, Failures: 0, Errors: 0, Skipped: 0, Time elapsed: 14.722 s - in edu.musc.tbic.covid.SectionizerTest
[INFO] 
[INFO] Results:
[INFO] 
[ERROR] Errors: 
[ERROR]   SectionizerTest.beforeAll:45  Unresolved compilation problem: 

[INFO] 
[ERROR] Tests run: 4, Failures: 0, Errors: 1, Skipped: 0
[INFO] 
[INFO] ------------------------------------------------------------------------
[INFO] BUILD FAILURE
[INFO] ------------------------------------------------------------------------
[INFO] Total time:  25.817 s
[INFO] Finished at: 2021-06-04T19:01:20-04:00
[INFO] ------------------------------------------------------------------------
[ERROR] Failed to execute goal org.apache.maven.plugins:maven-surefire-plugin:2.22.2:test (default-test) on project decovri: There are test failures.
[ERROR] 
[ERROR] Please refer to /Users/wangmeiqi/Desktop/Decovri/decovri/apache-uima/target/surefire-reports for the individual test results.
[ERROR] Please refer to dump files (if any exist) [date].dump, [date]-jvmRun[N].dump and [date].dumpstream.
[ERROR] -> [Help 1]
[ERROR] 
[ERROR] To see the full stack trace of the errors, re-run Maven with the -e switch.
[ERROR] Re-run Maven using the -X switch to enable full debug logging.
[ERROR] 
[ERROR] For more information about the errors and possible solutions, please read the following articles:
[ERROR] [Help 1] http://cwiki.apache.org/confluence/display/MAVEN/MojoFailureException
